{
  "RSpec": {
    "coverage": {
      "/Users/alexandre/audit_logger/rails-audit-logger/lib/model_timeline.rb": {
        "lines": [
          1,
          1,
          1,
          1,
          1,
          null,
          1,
          null,
          1,
          1,
          null,
          1,
          0,
          null,
          null,
          1,
          0,
          null,
          null,
          1,
          0,
          null,
          null,
          null,
          null,
          1,
          null,
          1,
          1,
          1,
          null,
          null,
          1,
          4,
          null,
          null,
          1,
          4,
          null,
          null,
          1,
          1,
          null,
          null
        ]
      },
      "/Users/alexandre/audit_logger/rails-audit-logger/lib/model_timeline/version.rb": {
        "lines": [
          1,
          1,
          null
        ]
      },
      "/Users/alexandre/audit_logger/rails-audit-logger/lib/model_timeline/timelineable.rb": {
        "lines": [
          1,
          1,
          1,
          null,
          1,
          1,
          null,
          null,
          1,
          1,
          null,
          2,
          null,
          null,
          null,
          2,
          null,
          null,
          null,
          null,
          null,
          null,
          null,
          2,
          null,
          null,
          2,
          5,
          null,
          null,
          2,
          3,
          null,
          null,
          2,
          null,
          null,
          null,
          1,
          null,
          1,
          3,
          3,
          null,
          3,
          3,
          null,
          3,
          null,
          3,
          null,
          null,
          null,
          null,
          null,
          null,
          null,
          null,
          null,
          null,
          null,
          1,
          1,
          1,
          null,
          1,
          null,
          null,
          null,
          null,
          null,
          null,
          null,
          null,
          null,
          null,
          null,
          1,
          0,
          0,
          0,
          null,
          null,
          null,
          1,
          4,
          null,
          null,
          1,
          4,
          4,
          null,
          3,
          null,
          3,
          null,
          null,
          0,
          null,
          0,
          null,
          null,
          1,
          3,
          null,
          null,
          3,
          0,
          null,
          null,
          null,
          3,
          0,
          null,
          null,
          3,
          null,
          null,
          null
        ]
      },
      "/Users/alexandre/audit_logger/rails-audit-logger/lib/model_timeline/timeline_entry.rb": {
        "lines": [
          1,
          1,
          1,
          null,
          1,
          1,
          null,
          1,
          null,
          null,
          1,
          0,
          null,
          null,
          1,
          0,
          null,
          null,
          1,
          0,
          null,
          null,
          1,
          0,
          null,
          null,
          null,
          1,
          0,
          null,
          null,
          1,
          null,
          null,
          0,
          null,
          null,
          null
        ]
      },
      "/Users/alexandre/audit_logger/rails-audit-logger/lib/model_timeline/controller_additions.rb": {
        "lines": [
          1,
          1,
          1,
          null,
          1,
          0,
          0,
          null,
          null,
          null,
          1,
          0,
          null,
          null,
          null,
          0,
          null,
          null,
          null,
          0,
          null,
          null,
          null,
          1,
          0,
          null,
          null,
          1,
          null,
          1,
          0,
          null,
          null,
          null,
          null
        ]
      }
    },
    "timestamp": 1748834277
  }
}
